#! /usr/bin/vvp
:ivl_version "10.3 (stable)";
:ivl_delay_selection "TYPICAL";
:vpi_time_precision - 12;
:vpi_module "system";
:vpi_module "vhdl_sys";
:vpi_module "v2005_math";
:vpi_module "va_math";
S_0x557bbe4a70d0 .scope module, "tb_edgedetect" "tb_edgedetect" 2 3;
 .timescale -9 -12;
v0x557bbe4dc360_0 .var "clk", 0 0;
v0x557bbe4dc420_0 .var "data_in", 0 0;
v0x557bbe4dc4f0_0 .net "fle", 0 0, v0x557bbe4dc080_0;  1 drivers
v0x557bbe4dc5f0_0 .var "rst", 0 0;
S_0x557bbe4a7250 .scope module, "u1" "edgedetect" 2 8, 3 2 0, S_0x557bbe4a70d0;
 .timescale -9 -12;
    .port_info 0 /INPUT 1 "clk"
    .port_info 1 /INPUT 1 "rst"
    .port_info 2 /INPUT 1 "data_in"
    .port_info 3 /OUTPUT 1 "fle"
v0x557bbe4a5110_0 .net *"_s1", 1 0, L_0x557bbe4dc6c0;  1 drivers
L_0x7fa6da4dd018 .functor BUFT 1, C4<10>, C4<0>, C4<0>, C4<0>;
v0x557bbe4dbd30_0 .net/2u *"_s2", 1 0, L_0x7fa6da4dd018;  1 drivers
v0x557bbe4dbe10_0 .net "clk", 0 0, v0x557bbe4dc360_0;  1 drivers
v0x557bbe4dbeb0_0 .net "data_in", 0 0, v0x557bbe4dc420_0;  1 drivers
v0x557bbe4dbf70_0 .net "fallingedge", 0 0, L_0x557bbe4dc7f0;  1 drivers
v0x557bbe4dc080_0 .var "fle", 0 0;
v0x557bbe4dc140_0 .var "pipe", 2 0;
v0x557bbe4dc220_0 .net "rst", 0 0, v0x557bbe4dc5f0_0;  1 drivers
E_0x557bbe4c9e40 .event posedge, v0x557bbe4dbe10_0;
L_0x557bbe4dc6c0 .part v0x557bbe4dc140_0, 1, 2;
L_0x557bbe4dc7f0 .cmp/eq 2, L_0x557bbe4dc6c0, L_0x7fa6da4dd018;
    .scope S_0x557bbe4a7250;
T_0 ;
    %wait E_0x557bbe4c9e40;
    %load/vec4 v0x557bbe4dc140_0;
    %parti/s 2, 0, 2;
    %load/vec4 v0x557bbe4dbeb0_0;
    %concat/vec4; draw_concat_vec4
    %assign/vec4 v0x557bbe4dc140_0, 0;
    %jmp T_0;
    .thread T_0;
    .scope S_0x557bbe4a7250;
T_1 ;
    %wait E_0x557bbe4c9e40;
    %load/vec4 v0x557bbe4dc220_0;
    %flag_set/vec4 8;
    %jmp/0xz  T_1.0, 8;
    %pushi/vec4 0, 0, 1;
    %assign/vec4 v0x557bbe4dc080_0, 0;
    %jmp T_1.1;
T_1.0 ;
    %load/vec4 v0x557bbe4dbf70_0;
    %flag_set/vec4 8;
    %jmp/0xz  T_1.2, 8;
    %pushi/vec4 1, 0, 1;
    %assign/vec4 v0x557bbe4dc080_0, 0;
T_1.2 ;
T_1.1 ;
    %jmp T_1;
    .thread T_1;
    .scope S_0x557bbe4a70d0;
T_2 ;
    %pushi/vec4 0, 0, 1;
    %store/vec4 v0x557bbe4dc360_0, 0, 1;
T_2.0 ;
    %delay 10000, 0;
    %load/vec4 v0x557bbe4dc360_0;
    %inv;
    %store/vec4 v0x557bbe4dc360_0, 0, 1;
    %jmp T_2.0;
    %end;
    .thread T_2;
    .scope S_0x557bbe4a70d0;
T_3 ;
    %pushi/vec4 1, 0, 1;
    %store/vec4 v0x557bbe4dc5f0_0, 0, 1;
    %delay 20000, 0;
    %pushi/vec4 0, 0, 1;
    %store/vec4 v0x557bbe4dc5f0_0, 0, 1;
    %pushi/vec4 1, 0, 1;
    %store/vec4 v0x557bbe4dc420_0, 0, 1;
    %delay 40000, 0;
    %pushi/vec4 0, 0, 1;
    %store/vec4 v0x557bbe4dc420_0, 0, 1;
    %delay 40000, 0;
    %pushi/vec4 1, 0, 1;
    %store/vec4 v0x557bbe4dc420_0, 0, 1;
    %end;
    .thread T_3;
    .scope S_0x557bbe4a70d0;
T_4 ;
    %vpi_call 2 24 "$dumpfile", "tb_edgedetect.vcd" {0 0 0};
    %vpi_call 2 25 "$dumpvars", 32'sb00000000000000000000000000000000, S_0x557bbe4a70d0 {0 0 0};
    %delay 120000, 0;
    %vpi_call 2 27 "$finish" {0 0 0};
    %end;
    .thread T_4;
# The file index is used to find the file name in the following table.
:file_names 4;
    "N/A";
    "<interactive>";
    "tb_edgedetect.v";
    "edgedetect.v";
