#! /usr/bin/vvp
:ivl_version "10.3 (stable)";
:ivl_delay_selection "TYPICAL";
:vpi_time_precision + 0;
:vpi_module "system";
:vpi_module "vhdl_sys";
:vpi_module "v2005_math";
:vpi_module "va_math";
S_0x557883bc7230 .scope module, "tb" "tb" 2 1;
 .timescale 0 0;
P_0x557883bc73b0 .param/l "NUM" 0 2 5, +C4<00000000000000000000000000000100>;
v0x557883bd9b00_0 .var "clk", 0 0;
v0x557883bd9bd0_0 .net "rot", 3 0, v0x557883bd98d0_0;  1 drivers
v0x557883bd9ca0_0 .var "rst", 0 0;
S_0x557883b90030 .scope module, "u1" "top" 2 6, 3 2 0, S_0x557883bc7230;
 .timescale 0 0;
    .port_info 0 /INPUT 1 "clk"
    .port_info 1 /INPUT 1 "rst"
    .port_info 2 /OUTPUT 4 "rot"
P_0x557883b90200 .param/l "NUMWIDTH" 0 3 3, +C4<00000000000000000000000000000100>;
v0x557883b90320_0 .net "clk", 0 0, v0x557883bd9b00_0;  1 drivers
v0x557883bd98d0_0 .var "rot", 3 0;
v0x557883bd99b0_0 .net "rst", 0 0, v0x557883bd9ca0_0;  1 drivers
E_0x557883bc79f0/0 .event negedge, v0x557883bd99b0_0;
E_0x557883bc79f0/1 .event posedge, v0x557883b90320_0;
E_0x557883bc79f0 .event/or E_0x557883bc79f0/0, E_0x557883bc79f0/1;
    .scope S_0x557883b90030;
T_0 ;
    %wait E_0x557883bc79f0;
    %load/vec4 v0x557883bd99b0_0;
    %nor/r;
    %flag_set/vec4 8;
    %jmp/0xz  T_0.0, 8;
    %pushi/vec4 0, 0, 4;
    %assign/vec4 v0x557883bd98d0_0, 0;
    %jmp T_0.1;
T_0.0 ;
    %load/vec4 v0x557883bd98d0_0;
    %parti/s 1, 3, 3;
    %pad/u 32;
    %cmpi/e 1, 0, 32;
    %jmp/0xz  T_0.2, 4;
    %pushi/vec4 0, 0, 4;
    %assign/vec4 v0x557883bd98d0_0, 0;
    %jmp T_0.3;
T_0.2 ;
    %load/vec4 v0x557883bd98d0_0;
    %pad/u 32;
    %cmpi/e 0, 0, 32;
    %jmp/0xz  T_0.4, 4;
    %pushi/vec4 1, 0, 1;
    %ix/load 4, 0, 0;
    %ix/load 5, 0, 0;
    %flag_set/imm 4, 0;
    %assign/vec4/off/d v0x557883bd98d0_0, 4, 5;
    %jmp T_0.5;
T_0.4 ;
    %load/vec4 v0x557883bd98d0_0;
    %ix/load 4, 1, 0;
    %flag_set/imm 4, 0;
    %shiftl 4;
    %assign/vec4 v0x557883bd98d0_0, 0;
T_0.5 ;
T_0.3 ;
T_0.1 ;
    %jmp T_0;
    .thread T_0;
    .scope S_0x557883bc7230;
T_1 ;
    %pushi/vec4 0, 0, 1;
    %store/vec4 v0x557883bd9b00_0, 0, 1;
T_1.0 ;
    %delay 10, 0;
    %load/vec4 v0x557883bd9b00_0;
    %nor/r;
    %store/vec4 v0x557883bd9b00_0, 0, 1;
    %jmp T_1.0;
    %end;
    .thread T_1;
    .scope S_0x557883bc7230;
T_2 ;
    %pushi/vec4 1, 0, 1;
    %store/vec4 v0x557883bd9ca0_0, 0, 1;
    %delay 20, 0;
    %pushi/vec4 0, 0, 1;
    %store/vec4 v0x557883bd9ca0_0, 0, 1;
    %delay 10, 0;
    %pushi/vec4 1, 0, 1;
    %store/vec4 v0x557883bd9ca0_0, 0, 1;
    %end;
    .thread T_2;
    .scope S_0x557883bc7230;
T_3 ;
    %vpi_call 2 19 "$dumpfile", "output.vcd" {0 0 0};
    %vpi_call 2 20 "$dumpvars" {0 0 0};
    %delay 500, 0;
    %vpi_call 2 22 "$finish" {0 0 0};
    %end;
    .thread T_3;
# The file index is used to find the file name in the following table.
:file_names 4;
    "N/A";
    "<interactive>";
    "tb.v";
    "top.v";
